生成启动时间为 2018/9/23 16:54:34。
     1>项目“C:\Users\Administrator\Desktop\add\add\add.vcxproj”在节点 2 上(Build 个目标)。
     1>ClCompile:
         F:\Visual Studio2013\VC\bin\CL.exe /c /ZI /nologo /W3 /WX- /sdl /Od /Oy- /D WIN32 /D _DEBUG /D _CONSOLE /D _LIB /D _UNICODE /D UNICODE /Gm /EHsc /RTC1 /MDd /GS /fp:precise /Zc:wchar_t /Zc:forScope /Fo"Debug\\" /Fd"Debug\vc120.pdb" /Gd /TP /analyze- /errorReport:prompt main.cpp
         main.cpp
     1>c:\users\administrator\desktop\add\add\main.cpp(32): warning C4244: “=”: 从“double”转换到“float”，可能丢失数据
     1>c:\users\administrator\desktop\add\add\main.cpp(33): warning C4244: “=”: 从“double”转换到“float”，可能丢失数据
     1>c:\users\administrator\desktop\add\add\main.cpp(44): warning C4244: “=”: 从“double”转换到“float”，可能丢失数据
     1>c:\users\administrator\desktop\add\add\main.cpp(45): warning C4244: “=”: 从“double”转换到“float”，可能丢失数据
     1>c:\users\administrator\desktop\add\add\main.cpp(56): warning C4244: “=”: 从“double”转换到“float”，可能丢失数据
     1>c:\users\administrator\desktop\add\add\main.cpp(57): warning C4244: “=”: 从“double”转换到“float”，可能丢失数据
     1>c:\users\administrator\desktop\add\add\main.cpp(68): warning C4244: “=”: 从“double”转换到“float”，可能丢失数据
     1>c:\users\administrator\desktop\add\add\main.cpp(69): warning C4244: “=”: 从“double”转换到“float”，可能丢失数据
     1>c:\users\administrator\desktop\add\add\main.cpp(110): warning C4018: “<”: 有符号/无符号不匹配
     1>c:\users\administrator\desktop\add\add\main.cpp(124): warning C4018: “<”: 有符号/无符号不匹配
     1>c:\users\administrator\desktop\add\add\main.cpp(147): warning C4244: “参数”: 从“float”转换到“int”，可能丢失数据
     1>c:\users\administrator\desktop\add\add\main.cpp(182): warning C4244: “初始化”: 从“float”转换到“int”，可能丢失数据
     1>c:\users\administrator\desktop\add\add\main.cpp(208): warning C4244: “=”: 从“double”转换到“uchar”，可能丢失数据
     1>c:\users\administrator\desktop\add\add\main.cpp(209): warning C4244: “=”: 从“double”转换到“uchar”，可能丢失数据
     1>c:\users\administrator\desktop\add\add\main.cpp(210): warning C4244: “=”: 从“double”转换到“uchar”，可能丢失数据
       Link:
         F:\Visual Studio2013\VC\bin\link.exe /ERRORREPORT:PROMPT /OUT:"C:\Users\Administrator\Desktop\add\Debug\add.exe" /INCREMENTAL /NOLOGO opencv_ml2413d.lib opencv_calib3d2413d.lib opencv_contrib2413d.lib opencv_core2413d.lib opencv_features2d2413d.lib opencv_flann2413d.lib opencv_gpu2413d.lib opencv_highgui2413d.lib opencv_imgproc2413d.lib opencv_legacy2413d.lib opencv_objdetect2413d.lib opencv_ts2413d.lib opencv_video2413d.lib opencv_nonfree2413d.lib opencv_ocl2413d.lib opencv_photo2413d.lib opencv_stitching2413d.lib opencv_superres2413d.lib opencv_videostab2413d.lib opencv_objdetect2413.lib opencv_ts2413.lib opencv_video2413.lib opencv_nonfree2413.lib opencv_ocl2413.lib opencv_photo2413.lib opencv_stitching2413.lib opencv_superres2413.lib opencv_videostab2413.lib opencv_calib3d2413.lib opencv_contrib2413.lib opencv_core2413.lib opencv_features2d2413.lib opencv_flann2413.lib opencv_gpu2413.lib opencv_highgui2413.lib opencv_imgproc2413.lib opencv_legacy2413.lib opencv_ml2413.lib kernel32.lib user32.lib gdi32.lib winspool.lib comdlg32.lib advapi32.lib shell32.lib ole32.lib oleaut32.lib uuid.lib odbc32.lib odbccp32.lib /MANIFEST /MANIFESTUAC:"level='asInvoker' uiAccess='false'" /manifest:embed /DEBUG /PDB:"C:\Users\Administrator\Desktop\add\Debug\add.pdb" /SUBSYSTEM:CONSOLE /TLBID:1 /DYNAMICBASE /NXCOMPAT /IMPLIB:"C:\Users\Administrator\Desktop\add\Debug\add.lib" /MACHINE:X86 Debug\main.obj
         add.vcxproj -> C:\Users\Administrator\Desktop\add\Debug\add.exe
     1>已完成生成项目“C:\Users\Administrator\Desktop\add\add\add.vcxproj”(Build 个目标)的操作。

生成成功。

已用时间 00:00:01.27
